<?xml version="1.0" encoding="UTF-8"?>
<testsuite xmlns:xsi="http://www.w3.org/2001/XMLSchema-instance" xsi:noNamespaceSchemaLocation="https://maven.apache.org/surefire/maven-surefire-plugin/xsd/surefire-test-report.xsd" name="mflix.api.daos.ConnectionTest" time="8.935" tests="3" errors="3" skipped="0" failures="0">
  <properties>
[...]
</properties>
  <testcase name="testMoviesCount" classname="mflix.api.daos.ConnectionTest" time="1.049">
    <error message="Command failed with error 8000 (AtlasError): &apos;user is not allowed to do action [find] on [mflix.movies]&apos; on server mflix-shard-00-00-sdpxz.mongodb.net:27017. The full response is { &quot;ok&quot; : 0, &quot;errmsg&quot; : &quot;user is not allowed to do action [find] on [mflix.movies]&quot;, &quot;code&quot; : 8000, &quot;codeName&quot; : &quot;AtlasError&quot; }" type="com.mongodb.MongoCommandException">com.mongodb.MongoCommandException: Command failed with error 8000 (AtlasError): 'user is not allowed to do action [find] on [mflix.movies]' on server mflix-shard-00-00-sdpxz.mongodb.net:27017. The full response is { "ok" : 0, "errmsg" : "user is not allowed to do action [find] on [mflix.movies]", "code" : 8000, "codeName" : "AtlasError" }
	at mflix.api.daos.ConnectionTest.testMoviesCount(ConnectionTest.java:44)
</error>
    <system-out><![CDATA[20:49:51.838 [main] DEBUG org.springframework.test.context.junit4.SpringJUnit4ClassRunner - SpringJUnit4ClassRunner constructor called with [class mflix.api.daos.ConnectionTest]
20:49:51.843 [main] DEBUG org.springframework.test.context.BootstrapUtils - Instantiating CacheAwareContextLoaderDelegate from class [org.springframework.test.context.cache.DefaultCacheAwareContextLoaderDelegate]
20:49:51.851 [main] DEBUG org.springframework.test.context.BootstrapUtils - Instantiating BootstrapContext using constructor [public org.springframework.test.context.support.DefaultBootstrapContext(java.lang.Class,org.springframework.test.context.CacheAwareContextLoaderDelegate)]
20:49:51.871 [main] DEBUG org.springframework.test.context.BootstrapUtils - Instantiating TestContextBootstrapper for test class [mflix.api.daos.ConnectionTest] from class [org.springframework.boot.test.context.SpringBootTestContextBootstrapper]
20:49:51.887 [main] INFO org.springframework.boot.test.context.SpringBootTestContextBootstrapper - Neither @ContextConfiguration nor @ContextHierarchy found for test class [mflix.api.daos.ConnectionTest], using SpringBootContextLoader
20:49:51.893 [main] DEBUG org.springframework.test.context.support.AbstractContextLoader - Did not detect default resource location for test class [mflix.api.daos.ConnectionTest]: class path resource [mflix/api/daos/ConnectionTest-context.xml] does not exist
20:49:51.893 [main] DEBUG org.springframework.test.context.support.AbstractContextLoader - Did not detect default resource location for test class [mflix.api.daos.ConnectionTest]: class path resource [mflix/api/daos/ConnectionTestContext.groovy] does not exist
20:49:51.893 [main] INFO org.springframework.test.context.support.AbstractContextLoader - Could not detect default resource locations for test class [mflix.api.daos.ConnectionTest]: no resource found for suffixes {-context.xml, Context.groovy}.
20:49:51.950 [main] DEBUG org.springframework.test.context.support.ActiveProfilesUtils - Could not find an 'annotation declaring class' for annotation type [org.springframework.test.context.ActiveProfiles] and class [mflix.api.daos.ConnectionTest]
20:49:52.070 [main] DEBUG org.springframework.boot.test.context.SpringBootTestContextBootstrapper - @TestExecutionListeners is not present for class [mflix.api.daos.ConnectionTest]: using defaults.
20:49:52.070 [main] INFO org.springframework.boot.test.context.SpringBootTestContextBootstrapper - Loaded default TestExecutionListener class names from location [META-INF/spring.factories]: [org.springframework.boot.test.mock.mockito.MockitoTestExecutionListener, org.springframework.boot.test.mock.mockito.ResetMocksTestExecutionListener, org.springframework.boot.test.autoconfigure.restdocs.RestDocsTestExecutionListener, org.springframework.boot.test.autoconfigure.web.client.MockRestServiceServerResetTestExecutionListener, org.springframework.boot.test.autoconfigure.web.servlet.MockMvcPrintOnlyOnFailureTestExecutionListener, org.springframework.boot.test.autoconfigure.web.servlet.WebDriverTestExecutionListener, org.springframework.test.context.web.ServletTestExecutionListener, org.springframework.test.context.support.DirtiesContextBeforeModesTestExecutionListener, org.springframework.test.context.support.DependencyInjectionTestExecutionListener, org.springframework.test.context.support.DirtiesContextTestExecutionListener, org.springframework.test.context.transaction.TransactionalTestExecutionListener, org.springframework.test.context.jdbc.SqlScriptsTestExecutionListener]
20:49:52.088 [main] DEBUG org.springframework.boot.test.context.SpringBootTestContextBootstrapper - Skipping candidate TestExecutionListener [org.springframework.test.context.transaction.TransactionalTestExecutionListener] due to a missing dependency. Specify custom listener classes or make the default listener classes and their required dependencies available. Offending class: [org/springframework/transaction/interceptor/TransactionAttributeSource]
20:49:52.089 [main] DEBUG org.springframework.boot.test.context.SpringBootTestContextBootstrapper - Skipping candidate TestExecutionListener [org.springframework.test.context.jdbc.SqlScriptsTestExecutionListener] due to a missing dependency. Specify custom listener classes or make the default listener classes and their required dependencies available. Offending class: [org/springframework/transaction/interceptor/TransactionAttribute]
20:49:52.089 [main] INFO org.springframework.boot.test.context.SpringBootTestContextBootstrapper - Using TestExecutionListeners: [org.springframework.test.context.web.ServletTestExecutionListener@2a4fb17b, org.springframework.test.context.support.DirtiesContextBeforeModesTestExecutionListener@5c6648b0, org.springframework.boot.test.mock.mockito.MockitoTestExecutionListener@6f1de4c7, org.springframework.boot.test.autoconfigure.SpringBootDependencyInjectionTestExecutionListener@459e9125, org.springframework.test.context.support.DirtiesContextTestExecutionListener@128d2484, org.springframework.boot.test.mock.mockito.ResetMocksTestExecutionListener@7cc0cdad, org.springframework.boot.test.autoconfigure.restdocs.RestDocsTestExecutionListener@7c7b252e, org.springframework.boot.test.autoconfigure.web.client.MockRestServiceServerResetTestExecutionListener@4d5d943d, org.springframework.boot.test.autoconfigure.web.servlet.MockMvcPrintOnlyOnFailureTestExecutionListener@368f2016, org.springframework.boot.test.autoconfigure.web.servlet.WebDriverTestExecutionListener@4c583ecf]
20:49:52.091 [main] DEBUG org.springframework.test.annotation.ProfileValueUtils - Retrieved @ProfileValueSourceConfiguration [null] for test class [mflix.api.daos.ConnectionTest]
20:49:52.093 [main] DEBUG org.springframework.test.annotation.ProfileValueUtils - Retrieved ProfileValueSource type [class org.springframework.test.annotation.SystemProfileValueSource] for class [mflix.api.daos.ConnectionTest]
20:49:52.094 [main] DEBUG org.springframework.test.annotation.ProfileValueUtils - Retrieved @ProfileValueSourceConfiguration [null] for test class [mflix.api.daos.ConnectionTest]
20:49:52.094 [main] DEBUG org.springframework.test.annotation.ProfileValueUtils - Retrieved ProfileValueSource type [class org.springframework.test.annotation.SystemProfileValueSource] for class [mflix.api.daos.ConnectionTest]
20:49:52.096 [main] DEBUG org.springframework.test.annotation.ProfileValueUtils - Retrieved @ProfileValueSourceConfiguration [null] for test class [mflix.api.daos.ConnectionTest]
20:49:52.096 [main] DEBUG org.springframework.test.annotation.ProfileValueUtils - Retrieved ProfileValueSource type [class org.springframework.test.annotation.SystemProfileValueSource] for class [mflix.api.daos.ConnectionTest]
20:49:52.103 [main] DEBUG org.springframework.test.context.support.AbstractDirtiesContextTestExecutionListener - Before test class: context [DefaultTestContext@618b19ad testClass = ConnectionTest, testInstance = [null], testMethod = [null], testException = [null], mergedContextConfiguration = [WebMergedContextConfiguration@2d3379b4 testClass = ConnectionTest, locations = '{}', classes = '{class mflix.config.MongoDBConfiguration, class mflix.config.MongoDBConfiguration}', contextInitializerClasses = '[]', activeProfiles = '{}', propertySourceLocations = '{}', propertySourceProperties = '{org.springframework.boot.test.context.SpringBootTestContextBootstrapper=true}', contextCustomizers = set[[ImportsContextCustomizer@30c15d8b key = [@org.springframework.boot.autoconfigure.AutoConfigurationPackage(), @org.junit.runner.RunWith(value=class org.springframework.test.context.junit4.SpringJUnit4ClassRunner), @org.springframework.boot.context.properties.EnableConfigurationProperties(value=[]), @org.springframework.context.annotation.Import(value=[class org.springframework.boot.context.properties.EnableConfigurationPropertiesImportSelector]), @org.springframework.context.annotation.Import(value=[class org.springframework.boot.autoconfigure.AutoConfigurationPackages$Registrar]), @org.springframework.test.context.BootstrapWith(value=class org.springframework.boot.test.context.SpringBootTestContextBootstrapper), @org.springframework.boot.autoconfigure.EnableAutoConfiguration(excludeName=[], exclude=[]), @org.springframework.boot.test.context.SpringBootTest(webEnvironment=MOCK, value=[], properties=[], classes=[class mflix.config.MongoDBConfiguration]), @org.springframework.context.annotation.Import(value=[class org.springframework.boot.autoconfigure.AutoConfigurationImportSelector])]], org.springframework.boot.test.context.filter.ExcludeFilterContextCustomizer@d6da883, org.springframework.boot.test.json.DuplicateJsonObjectContextCustomizerFactory$DuplicateJsonObjectContextCustomizer@49c43f4e, org.springframework.boot.test.mock.mockito.MockitoContextCustomizer@0, org.springframework.boot.test.web.client.TestRestTemplateContextCustomizer@1372ed45, org.springframework.boot.test.autoconfigure.properties.PropertyMappingContextCustomizer@0, org.springframework.boot.test.autoconfigure.web.servlet.WebDriverContextCustomizerFactory$Customizer@28c4711c], resourceBasePath = 'src/main/webapp', contextLoader = 'org.springframework.boot.test.context.SpringBootContextLoader', parent = [null]], attributes = map['org.springframework.test.context.web.ServletTestExecutionListener.activateListener' -> true]], class annotated with @DirtiesContext [false] with mode [null].
20:49:52.104 [main] DEBUG org.springframework.test.annotation.ProfileValueUtils - Retrieved @ProfileValueSourceConfiguration [null] for test class [mflix.api.daos.ConnectionTest]
20:49:52.104 [main] DEBUG org.springframework.test.annotation.ProfileValueUtils - Retrieved ProfileValueSource type [class org.springframework.test.annotation.SystemProfileValueSource] for class [mflix.api.daos.ConnectionTest]
20:49:52.139 [main] DEBUG org.springframework.core.env.StandardEnvironment - Adding PropertySource 'systemProperties' with lowest search precedence
20:49:52.139 [main] DEBUG org.springframework.core.env.StandardEnvironment - Adding PropertySource 'systemEnvironment' with lowest search precedence
20:49:52.139 [main] DEBUG org.springframework.core.env.StandardEnvironment - Initialized StandardEnvironment with PropertySources [MapPropertySource@978508707 {name='systemProperties', properties={java.runtime.name=Java(TM) SE Runtime Environment, sun.boot.library.path=C:\Program Files\Java\jdk1.8.0_144\jre\bin, java.vm.version=25.144-b01, java.vm.vendor=Oracle Corporation, java.vendor.url=http://java.oracle.com/, path.separator=;, java.vm.name=Java HotSpot(TM) 64-Bit Server VM, file.encoding.pkg=sun.io, user.country=ES, user.script=, sun.java.launcher=SUN_STANDARD, sun.os.patch.level=, test=ConnectionTest, java.vm.specification.name=Java Virtual Machine Specification, user.dir=C:\Users\aarch\Documents\MONGODB\mflix, java.runtime.version=1.8.0_144-b01, basedir=C:\Users\aarch\Documents\MONGODB\mflix, java.awt.graphicsenv=sun.awt.Win32GraphicsEnvironment, java.endorsed.dirs=C:\Program Files\Java\jdk1.8.0_144\jre\lib\endorsed, os.arch=amd64, surefire.real.class.path=C:\Users\aarch\AppData\Local\Temp\surefire3068933659812323004\surefirebooter7670222001219895328.jar, java.io.tmpdir=C:\Users\aarch\AppData\Local\Temp\, line.separator=
, java.vm.specification.vendor=Oracle Corporation, user.variant=, os.name=Windows 10, sun.jnu.encoding=Cp1252, java.library.path=C:\Program Files\Java\jdk1.8.0_144\jre\bin;C:\WINDOWS\Sun\Java\bin;C:\WINDOWS\system32;C:\WINDOWS;C:\Program Files (x86)\Common Files\Oracle\Java\javapath;C:\Program Files\MongoDB\Server\3.2\bin;C:\Program Files\Java\jdk1.8.0_144\;C:\ProgramData\Oracle\Java\javapath;C:\Users\aarch\OneDrive\Documentos\apache-maven-3.5.3\bin;C:\Program Files (x86)\Intel\iCLS Client\;C:\Program Files\Intel\iCLS Client\;C:\Windows\system32;C:\Windows;C:\Windows\System32\Wbem;C:\Windows\System32\WindowsPowerShell\v1.0\;C:\Program Files (x86)\NVIDIA Corporation\PhysX\Common;C:\Program Files (x86)\Intel\Intel(R) Management Engine Components\DAL;C:\Program Files\Intel\Intel(R) Management Engine Components\DAL;C:\Program Files (x86)\Intel\Intel(R) Management Engine Components\IPT;C:\Program Files\Intel\Intel(R) Management Engine Components\IPT;C:\Program Files (x86)\Windows Live\Shared;C:\WINDOWS\system32;C:\WINDOWS;C:\WINDOWS\System32\Wbem;C:\WINDOWS\System32\WindowsPowerShell\v1.0\;C:\WINDOWS\System32\OpenSSH\;C:\Program Files\Java\jdk1.8.0_144\bin;C:\Users\aarch\AppData\Local\Microsoft\WindowsApps;C:\Users\aarch\AppData\Local\GitHubDesktop\bin;C:\Users\aarch\AppData\Local\Microsoft\WindowsApps;;., surefire.test.class.path=C:\Users\aarch\Documents\MONGODB\mflix\target\test-classes;C:\Users\aarch\Documents\MONGODB\mflix\target\classes;C:\Users\aarch\.m2\repository\org\springframework\boot\spring-boot-starter-web\2.0.3.RELEASE\spring-boot-starter-web-2.0.3.RELEASE.jar;C:\Users\aarch\.m2\repository\org\springframework\boot\spring-boot-starter\2.0.3.RELEASE\spring-boot-starter-2.0.3.RELEASE.jar;C:\Users\aarch\.m2\repository\org\springframework\boot\spring-boot-starter-logging\2.0.3.RELEASE\spring-boot-starter-logging-2.0.3.RELEASE.jar;C:\Users\aarch\.m2\repository\ch\qos\logback\logback-classic\1.2.3\logback-classic-1.2.3.jar;C:\Users\aarch\.m2\repository\ch\qos\logback\logback-core\1.2.3\logback-core-1.2.3.jar;C:\Users\aarch\.m2\repository\org\apache\logging\log4j\log4j-to-slf4j\2.10.0\log4j-to-slf4j-2.10.0.jar;C:\Users\aarch\.m2\repository\org\apache\logging\log4j\log4j-api\2.10.0\log4j-api-2.10.0.jar;C:\Users\aarch\.m2\repository\org\slf4j\jul-to-slf4j\1.7.25\jul-to-slf4j-1.7.25.jar;C:\Users\aarch\.m2\repository\javax\annotation\javax.annotation-api\1.3.2\javax.annotation-api-1.3.2.jar;C:\Users\aarch\.m2\repository\org\yaml\snakeyaml\1.19\snakeyaml-1.19.jar;C:\Users\aarch\.m2\repository\org\springframework\boot\spring-boot-starter-json\2.0.3.RELEASE\spring-boot-starter-json-2.0.3.RELEASE.jar;C:\Users\aarch\.m2\repository\com\fasterxml\jackson\datatype\jackson-datatype-jdk8\2.9.6\jackson-datatype-jdk8-2.9.6.jar;C:\Users\aarch\.m2\repository\com\fasterxml\jackson\datatype\jackson-datatype-jsr310\2.9.6\jackson-datatype-jsr310-2.9.6.jar;C:\Users\aarch\.m2\repository\com\fasterxml\jackson\module\jackson-module-parameter-names\2.9.6\jackson-module-parameter-names-2.9.6.jar;C:\Users\aarch\.m2\repository\org\springframework\boot\spring-boot-starter-tomcat\2.0.3.RELEASE\spring-boot-starter-tomcat-2.0.3.RELEASE.jar;C:\Users\aarch\.m2\repository\org\apache\tomcat\embed\tomcat-embed-core\8.5.31\tomcat-embed-core-8.5.31.jar;C:\Users\aarch\.m2\repository\org\apache\tomcat\embed\tomcat-embed-el\8.5.31\tomcat-embed-el-8.5.31.jar;C:\Users\aarch\.m2\repository\org\apache\tomcat\embed\tomcat-embed-websocket\8.5.31\tomcat-embed-websocket-8.5.31.jar;C:\Users\aarch\.m2\repository\org\hibernate\validator\hibernate-validator\6.0.10.Final\hibernate-validator-6.0.10.Final.jar;C:\Users\aarch\.m2\repository\javax\validation\validation-api\2.0.1.Final\validation-api-2.0.1.Final.jar;C:\Users\aarch\.m2\repository\org\jboss\logging\jboss-logging\3.3.2.Final\jboss-logging-3.3.2.Final.jar;C:\Users\aarch\.m2\repository\com\fasterxml\classmate\1.3.4\classmate-1.3.4.jar;C:\Users\aarch\.m2\repository\org\springframework\spring-webmvc\5.0.7.RELEASE\spring-webmvc-5.0.7.RELEASE.jar;C:\Users\aarch\.m2\repository\org\springframework\boot\spring-boot-starter-test\2.0.3.RELEASE\spring-boot-starter-test-2.0.3.RELEASE.jar;C:\Users\aarch\.m2\repository\org\springframework\boot\spring-boot-test\2.0.3.RELEASE\spring-boot-test-2.0.3.RELEASE.jar;C:\Users\aarch\.m2\repository\org\springframework\boot\spring-boot-test-autoconfigure\2.0.3.RELEASE\spring-boot-test-autoconfigure-2.0.3.RELEASE.jar;C:\Users\aarch\.m2\repository\com\jayway\jsonpath\json-path\2.4.0\json-path-2.4.0.jar;C:\Users\aarch\.m2\repository\net\minidev\json-smart\2.3\json-smart-2.3.jar;C:\Users\aarch\.m2\repository\net\minidev\accessors-smart\1.2\accessors-smart-1.2.jar;C:\Users\aarch\.m2\repository\org\ow2\asm\asm\5.0.4\asm-5.0.4.jar;C:\Users\aarch\.m2\repository\org\slf4j\slf4j-api\1.7.25\slf4j-api-1.7.25.jar;C:\Users\aarch\.m2\repository\junit\junit\4.12\junit-4.12.jar;C:\Users\aarch\.m2\repository\org\assertj\assertj-core\3.9.1\assertj-core-3.9.1.jar;C:\Users\aarch\.m2\repository\org\mockito\mockito-core\2.15.0\mockito-core-2.15.0.jar;C:\Users\aarch\.m2\repository\net\bytebuddy\byte-buddy\1.7.9\byte-buddy-1.7.9.jar;C:\Users\aarch\.m2\repository\net\bytebuddy\byte-buddy-agent\1.7.9\byte-buddy-agent-1.7.9.jar;C:\Users\aarch\.m2\repository\org\objenesis\objenesis\2.6\objenesis-2.6.jar;C:\Users\aarch\.m2\repository\org\hamcrest\hamcrest-core\1.3\hamcrest-core-1.3.jar;C:\Users\aarch\.m2\repository\org\hamcrest\hamcrest-library\1.3\hamcrest-library-1.3.jar;C:\Users\aarch\.m2\repository\org\skyscreamer\jsonassert\1.5.0\jsonassert-1.5.0.jar;C:\Users\aarch\.m2\repository\com\vaadin\external\google\android-json\0.0.20131108.vaadin1\android-json-0.0.20131108.vaadin1.jar;C:\Users\aarch\.m2\repository\org\springframework\spring-test\5.0.7.RELEASE\spring-test-5.0.7.RELEASE.jar;C:\Users\aarch\.m2\repository\org\xmlunit\xmlunit-core\2.5.1\xmlunit-core-2.5.1.jar;C:\Users\aarch\.m2\repository\org\springframework\boot\spring-boot-starter-security\2.0.4.RELEASE\spring-boot-starter-security-2.0.4.RELEASE.jar;C:\Users\aarch\.m2\repository\org\springframework\spring-aop\5.0.8.RELEASE\spring-aop-5.0.8.RELEASE.jar;C:\Users\aarch\.m2\repository\org\springframework\security\spring-security-config\5.0.7.RELEASE\spring-security-config-5.0.7.RELEASE.jar;C:\Users\aarch\.m2\repository\org\springframework\security\spring-security-core\5.0.7.RELEASE\spring-security-core-5.0.7.RELEASE.jar;C:\Users\aarch\.m2\repository\org\springframework\security\spring-security-web\5.0.7.RELEASE\spring-security-web-5.0.7.RELEASE.jar;C:\Users\aarch\.m2\repository\org\springframework\boot\spring-boot\2.0.4.RELEASE\spring-boot-2.0.4.RELEASE.jar;C:\Users\aarch\.m2\repository\org\springframework\spring-context\5.0.7.RELEASE\spring-context-5.0.7.RELEASE.jar;C:\Users\aarch\.m2\repository\org\springframework\spring-beans\5.0.7.RELEASE\spring-beans-5.0.7.RELEASE.jar;C:\Users\aarch\.m2\repository\org\springframework\spring-expression\5.0.7.RELEASE\spring-expression-5.0.7.RELEASE.jar;C:\Users\aarch\.m2\repository\org\springframework\spring-core\5.0.7.RELEASE\spring-core-5.0.7.RELEASE.jar;C:\Users\aarch\.m2\repository\org\springframework\spring-jcl\5.0.7.RELEASE\spring-jcl-5.0.7.RELEASE.jar;C:\Users\aarch\.m2\repository\org\springframework\boot\spring-boot-autoconfigure\2.0.3.RELEASE\spring-boot-autoconfigure-2.0.3.RELEASE.jar;C:\Users\aarch\.m2\repository\org\springframework\spring-web\5.0.7.RELEASE\spring-web-5.0.7.RELEASE.jar;C:\Users\aarch\.m2\repository\io\jsonwebtoken\jjwt\0.9.1\jjwt-0.9.1.jar;C:\Users\aarch\.m2\repository\com\fasterxml\jackson\core\jackson-databind\2.9.6\jackson-databind-2.9.6.jar;C:\Users\aarch\.m2\repository\com\fasterxml\jackson\core\jackson-annotations\2.9.0\jackson-annotations-2.9.0.jar;C:\Users\aarch\.m2\repository\com\fasterxml\jackson\core\jackson-core\2.9.6\jackson-core-2.9.6.jar;C:\Users\aarch\.m2\repository\org\junit\jupiter\junit-jupiter-api\5.1.0\junit-jupiter-api-5.1.0.jar;C:\Users\aarch\.m2\repository\org\apiguardian\apiguardian-api\1.0.0\apiguardian-api-1.0.0.jar;C:\Users\aarch\.m2\repository\org\opentest4j\opentest4j\1.0.0\opentest4j-1.0.0.jar;C:\Users\aarch\.m2\repository\org\junit\platform\junit-platform-commons\1.1.0\junit-platform-commons-1.1.0.jar;C:\Users\aarch\.m2\repository\org\mongodb\mongodb-driver-sync\3.9.1\mongodb-driver-sync-3.9.1.jar;C:\Users\aarch\.m2\repository\org\mongodb\bson\3.9.1\bson-3.9.1.jar;C:\Users\aarch\.m2\repository\org\mongodb\mongodb-driver-core\3.9.1\mongodb-driver-core-3.9.1.jar;, java.specification.name=Java Platform API Specification, java.class.version=52.0, sun.management.compiler=HotSpot 64-Bit Tiered Compilers, os.version=10.0, user.home=C:\Users\aarch, user.timezone=Europe/Paris, java.awt.printerjob=sun.awt.windows.WPrinterJob, file.encoding=Cp1252, java.specification.version=1.8, java.class.path=C:\Users\aarch\Documents\MONGODB\mflix\target\test-classes;C:\Users\aarch\Documents\MONGODB\mflix\target\classes;C:\Users\aarch\.m2\repository\org\springframework\boot\spring-boot-starter-web\2.0.3.RELEASE\spring-boot-starter-web-2.0.3.RELEASE.jar;C:\Users\aarch\.m2\repository\org\springframework\boot\spring-boot-starter\2.0.3.RELEASE\spring-boot-starter-2.0.3.RELEASE.jar;C:\Users\aarch\.m2\repository\org\springframework\boot\spring-boot-starter-logging\2.0.3.RELEASE\spring-boot-starter-logging-2.0.3.RELEASE.jar;C:\Users\aarch\.m2\repository\ch\qos\logback\logback-classic\1.2.3\logback-classic-1.2.3.jar;C:\Users\aarch\.m2\repository\ch\qos\logback\logback-core\1.2.3\logback-core-1.2.3.jar;C:\Users\aarch\.m2\repository\org\apache\logging\log4j\log4j-to-slf4j\2.10.0\log4j-to-slf4j-2.10.0.jar;C:\Users\aarch\.m2\repository\org\apache\logging\log4j\log4j-api\2.10.0\log4j-api-2.10.0.jar;C:\Users\aarch\.m2\repository\org\slf4j\jul-to-slf4j\1.7.25\jul-to-slf4j-1.7.25.jar;C:\Users\aarch\.m2\repository\javax\annotation\javax.annotation-api\1.3.2\javax.annotation-api-1.3.2.jar;C:\Users\aarch\.m2\repository\org\yaml\snakeyaml\1.19\snakeyaml-1.19.jar;C:\Users\aarch\.m2\repository\org\springframework\boot\spring-boot-starter-json\2.0.3.RELEASE\spring-boot-starter-json-2.0.3.RELEASE.jar;C:\Users\aarch\.m2\repository\com\fasterxml\jackson\datatype\jackson-datatype-jdk8\2.9.6\jackson-datatype-jdk8-2.9.6.jar;C:\Users\aarch\.m2\repository\com\fasterxml\jackson\datatype\jackson-datatype-jsr310\2.9.6\jackson-datatype-jsr310-2.9.6.jar;C:\Users\aarch\.m2\repository\com\fasterxml\jackson\module\jackson-module-parameter-names\2.9.6\jackson-module-parameter-names-2.9.6.jar;C:\Users\aarch\.m2\repository\org\springframework\boot\spring-boot-starter-tomcat\2.0.3.RELEASE\spring-boot-starter-tomcat-2.0.3.RELEASE.jar;C:\Users\aarch\.m2\repository\org\apache\tomcat\embed\tomcat-embed-core\8.5.31\tomcat-embed-core-8.5.31.jar;C:\Users\aarch\.m2\repository\org\apache\tomcat\embed\tomcat-embed-el\8.5.31\tomcat-embed-el-8.5.31.jar;C:\Users\aarch\.m2\repository\org\apache\tomcat\embed\tomcat-embed-websocket\8.5.31\tomcat-embed-websocket-8.5.31.jar;C:\Users\aarch\.m2\repository\org\hibernate\validator\hibernate-validator\6.0.10.Final\hibernate-validator-6.0.10.Final.jar;C:\Users\aarch\.m2\repository\javax\validation\validation-api\2.0.1.Final\validation-api-2.0.1.Final.jar;C:\Users\aarch\.m2\repository\org\jboss\logging\jboss-logging\3.3.2.Final\jboss-logging-3.3.2.Final.jar;C:\Users\aarch\.m2\repository\com\fasterxml\classmate\1.3.4\classmate-1.3.4.jar;C:\Users\aarch\.m2\repository\org\springframework\spring-webmvc\5.0.7.RELEASE\spring-webmvc-5.0.7.RELEASE.jar;C:\Users\aarch\.m2\repository\org\springframework\boot\spring-boot-starter-test\2.0.3.RELEASE\spring-boot-starter-test-2.0.3.RELEASE.jar;C:\Users\aarch\.m2\repository\org\springframework\boot\spring-boot-test\2.0.3.RELEASE\spring-boot-test-2.0.3.RELEASE.jar;C:\Users\aarch\.m2\repository\org\springframework\boot\spring-boot-test-autoconfigure\2.0.3.RELEASE\spring-boot-test-autoconfigure-2.0.3.RELEASE.jar;C:\Users\aarch\.m2\repository\com\jayway\jsonpath\json-path\2.4.0\json-path-2.4.0.jar;C:\Users\aarch\.m2\repository\net\minidev\json-smart\2.3\json-smart-2.3.jar;C:\Users\aarch\.m2\repository\net\minidev\accessors-smart\1.2\accessors-smart-1.2.jar;C:\Users\aarch\.m2\repository\org\ow2\asm\asm\5.0.4\asm-5.0.4.jar;C:\Users\aarch\.m2\repository\org\slf4j\slf4j-api\1.7.25\slf4j-api-1.7.25.jar;C:\Users\aarch\.m2\repository\junit\junit\4.12\junit-4.12.jar;C:\Users\aarch\.m2\repository\org\assertj\assertj-core\3.9.1\assertj-core-3.9.1.jar;C:\Users\aarch\.m2\repository\org\mockito\mockito-core\2.15.0\mockito-core-2.15.0.jar;C:\Users\aarch\.m2\repository\net\bytebuddy\byte-buddy\1.7.9\byte-buddy-1.7.9.jar;C:\Users\aarch\.m2\repository\net\bytebuddy\byte-buddy-agent\1.7.9\byte-buddy-agent-1.7.9.jar;C:\Users\aarch\.m2\repository\org\objenesis\objenesis\2.6\objenesis-2.6.jar;C:\Users\aarch\.m2\repository\org\hamcrest\hamcrest-core\1.3\hamcrest-core-1.3.jar;C:\Users\aarch\.m2\repository\org\hamcrest\hamcrest-library\1.3\hamcrest-library-1.3.jar;C:\Users\aarch\.m2\repository\org\skyscreamer\jsonassert\1.5.0\jsonassert-1.5.0.jar;C:\Users\aarch\.m2\repository\com\vaadin\external\google\android-json\0.0.20131108.vaadin1\android-json-0.0.20131108.vaadin1.jar;C:\Users\aarch\.m2\repository\org\springframework\spring-test\5.0.7.RELEASE\spring-test-5.0.7.RELEASE.jar;C:\Users\aarch\.m2\repository\org\xmlunit\xmlunit-core\2.5.1\xmlunit-core-2.5.1.jar;C:\Users\aarch\.m2\repository\org\springframework\boot\spring-boot-starter-security\2.0.4.RELEASE\spring-boot-starter-security-2.0.4.RELEASE.jar;C:\Users\aarch\.m2\repository\org\springframework\spring-aop\5.0.8.RELEASE\spring-aop-5.0.8.RELEASE.jar;C:\Users\aarch\.m2\repository\org\springframework\security\spring-security-config\5.0.7.RELEASE\spring-security-config-5.0.7.RELEASE.jar;C:\Users\aarch\.m2\repository\org\springframework\security\spring-security-core\5.0.7.RELEASE\spring-security-core-5.0.7.RELEASE.jar;C:\Users\aarch\.m2\repository\org\springframework\security\spring-security-web\5.0.7.RELEASE\spring-security-web-5.0.7.RELEASE.jar;C:\Users\aarch\.m2\repository\org\springframework\boot\spring-boot\2.0.4.RELEASE\spring-boot-2.0.4.RELEASE.jar;C:\Users\aarch\.m2\repository\org\springframework\spring-context\5.0.7.RELEASE\spring-context-5.0.7.RELEASE.jar;C:\Users\aarch\.m2\repository\org\springframework\spring-beans\5.0.7.RELEASE\spring-beans-5.0.7.RELEASE.jar;C:\Users\aarch\.m2\repository\org\springframework\spring-expression\5.0.7.RELEASE\spring-expression-5.0.7.RELEASE.jar;C:\Users\aarch\.m2\repository\org\springframework\spring-core\5.0.7.RELEASE\spring-core-5.0.7.RELEASE.jar;C:\Users\aarch\.m2\repository\org\springframework\spring-jcl\5.0.7.RELEASE\spring-jcl-5.0.7.RELEASE.jar;C:\Users\aarch\.m2\repository\org\springframework\boot\spring-boot-autoconfigure\2.0.3.RELEASE\spring-boot-autoconfigure-2.0.3.RELEASE.jar;C:\Users\aarch\.m2\repository\org\springframework\spring-web\5.0.7.RELEASE\spring-web-5.0.7.RELEASE.jar;C:\Users\aarch\.m2\repository\io\jsonwebtoken\jjwt\0.9.1\jjwt-0.9.1.jar;C:\Users\aarch\.m2\repository\com\fasterxml\jackson\core\jackson-databind\2.9.6\jackson-databind-2.9.6.jar;C:\Users\aarch\.m2\repository\com\fasterxml\jackson\core\jackson-annotations\2.9.0\jackson-annotations-2.9.0.jar;C:\Users\aarch\.m2\repository\com\fasterxml\jackson\core\jackson-core\2.9.6\jackson-core-2.9.6.jar;C:\Users\aarch\.m2\repository\org\junit\jupiter\junit-jupiter-api\5.1.0\junit-jupiter-api-5.1.0.jar;C:\Users\aarch\.m2\repository\org\apiguardian\apiguardian-api\1.0.0\apiguardian-api-1.0.0.jar;C:\Users\aarch\.m2\repository\org\opentest4j\opentest4j\1.0.0\opentest4j-1.0.0.jar;C:\Users\aarch\.m2\repository\org\junit\platform\junit-platform-commons\1.1.0\junit-platform-commons-1.1.0.jar;C:\Users\aarch\.m2\repository\org\mongodb\mongodb-driver-sync\3.9.1\mongodb-driver-sync-3.9.1.jar;C:\Users\aarch\.m2\repository\org\mongodb\bson\3.9.1\bson-3.9.1.jar;C:\Users\aarch\.m2\repository\org\mongodb\mongodb-driver-core\3.9.1\mongodb-driver-core-3.9.1.jar;, user.name=aarch, java.vm.specification.version=1.8, sun.java.command=C:\Users\aarch\AppData\Local\Temp\surefire3068933659812323004\surefirebooter7670222001219895328.jar C:\Users\aarch\AppData\Local\Temp\surefire3068933659812323004 2019-03-15T20-49-48_603-jvmRun1 surefire2295798669810005136tmp surefire_0548569186796933138tmp, java.home=C:\Program Files\Java\jdk1.8.0_144\jre, sun.arch.data.model=64, user.language=es, java.specification.vendor=Oracle Corporation, awt.toolkit=sun.awt.windows.WToolkit, java.vm.info=mixed mode, java.version=1.8.0_144, java.ext.dirs=C:\Program Files\Java\jdk1.8.0_144\jre\lib\ext;C:\WINDOWS\Sun\Java\lib\ext, sun.boot.class.path=C:\Program Files\Java\jdk1.8.0_144\jre\lib\resources.jar;C:\Program Files\Java\jdk1.8.0_144\jre\lib\rt.jar;C:\Program Files\Java\jdk1.8.0_144\jre\lib\sunrsasign.jar;C:\Program Files\Java\jdk1.8.0_144\jre\lib\jsse.jar;C:\Program Files\Java\jdk1.8.0_144\jre\lib\jce.jar;C:\Program Files\Java\jdk1.8.0_144\jre\lib\charsets.jar;C:\Program Files\Java\jdk1.8.0_144\jre\lib\jfr.jar;C:\Program Files\Java\jdk1.8.0_144\jre\classes, java.vendor=Oracle Corporation, localRepository=C:\Users\aarch\.m2\repository, file.separator=\, java.vendor.url.bug=http://bugreport.sun.com/bugreport/, sun.io.unicode.encoding=UnicodeLittle, sun.cpu.endian=little, sun.desktop=windows, sun.cpu.isalist=amd64}}, SystemEnvironmentPropertySource@710708543 {name='systemEnvironment', properties={PATH=C:\Program Files (x86)\Common Files\Oracle\Java\javapath;C:\Program Files\MongoDB\Server\3.2\bin;C:\Program Files\Java\jdk1.8.0_144\;C:\ProgramData\Oracle\Java\javapath;C:\Users\aarch\OneDrive\Documentos\apache-maven-3.5.3\bin;C:\Program Files (x86)\Intel\iCLS Client\;C:\Program Files\Intel\iCLS Client\;C:\Windows\system32;C:\Windows;C:\Windows\System32\Wbem;C:\Windows\System32\WindowsPowerShell\v1.0\;C:\Program Files (x86)\NVIDIA Corporation\PhysX\Common;C:\Program Files (x86)\Intel\Intel(R) Management Engine Components\DAL;C:\Program Files\Intel\Intel(R) Management Engine Components\DAL;C:\Program Files (x86)\Intel\Intel(R) Management Engine Components\IPT;C:\Program Files\Intel\Intel(R) Management Engine Components\IPT;C:\Program Files (x86)\Windows Live\Shared;C:\WINDOWS\system32;C:\WINDOWS;C:\WINDOWS\System32\Wbem;C:\WINDOWS\System32\WindowsPowerShell\v1.0\;C:\WINDOWS\System32\OpenSSH\;C:\Program Files\Java\jdk1.8.0_144\bin;C:\Users\aarch\AppData\Local\Microsoft\WindowsApps;C:\Users\aarch\AppData\Local\GitHubDesktop\bin;C:\Users\aarch\AppData\Local\Microsoft\WindowsApps;, USERDOMAIN_ROAMINGPROFILE=LAPTOP-0SJJP6G9, PROCESSOR_LEVEL=6, SYSTEMDRIVE=C:, SESSIONNAME=Console, ALLUSERSPROFILE=C:\ProgramData, PROCESSOR_ARCHITECTURE=AMD64, DRIVERDATA=C:\Windows\System32\Drivers\DriverData, MAVEN_HOME=C:\Users\aarch\OneDrive\Documentos\apache-maven-3.5.3\bin\.., PROGRAMFILES=C:\Program Files, PSMODULEPATH=C:\Program Files\WindowsPowerShell\Modules;C:\WINDOWS\system32\WindowsPowerShell\v1.0\Modules, PROGRAMDATA=C:\ProgramData, USERNAME=aarch, WDIR=C:\, FPS_BROWSER_USER_PROFILE_STRING=Default, ONEDRIVE=C:\Users\aarch\OneDrive, CONFIGSETROOT=C:\WINDOWS\ConfigSetRoot, PATHEXT=.COM;.EXE;.BAT;.CMD;.VBS;.VBE;.JS;.JSE;.WSF;.WSH;.MSC, CLASSWORLDS_JAR="C:\Users\aarch\OneDrive\Documentos\apache-maven-3.5.3\bin\..\boot\plexus-classworlds-2.5.2.jar", WINDIR=C:\WINDOWS, HOMEPATH=\Users\aarch, PROCESSOR_IDENTIFIER=Intel64 Family 6 Model 158 Stepping 9, GenuineIntel, PUBLIC=C:\Users\Public, =::=::\, LOCALAPPDATA=C:\Users\aarch\AppData\Local, COMMONPROGRAMFILES(X86)=C:\Program Files (x86)\Common Files, USERDOMAIN=LAPTOP-0SJJP6G9, FPS_BROWSER_APP_PROFILE_STRING=Internet Explorer, LOGONSERVER=\\LAPTOP-0SJJP6G9, JAVA_HOME=C:\Program Files\Java\jdk1.8.0_144, PROMPT=$P$G, PROGRAMFILES(X86)=C:\Program Files (x86), ERROR_CODE=0, EXEC_DIR=C:\Users\aarch\Documents\MONGODB\mflix, =C:=C:\Users\aarch\Documents\MONGODB\mflix, APPDATA=C:\Users\aarch\AppData\Roaming, PROGRAMW6432=C:\Program Files, SYSTEMROOT=C:\WINDOWS, MAVEN_CMD_LINE_ARGS=test -Dtest=ConnectionTest, VBOX_MSI_INSTALL_PATH=C:\Program Files\Oracle\VirtualBox\, OS=Windows_NT, COMMONPROGRAMW6432=C:\Program Files\Common Files, COMPUTERNAME=LAPTOP-0SJJP6G9, COMMONPROGRAMFILES=C:\Program Files\Common Files, COMSPEC=C:\WINDOWS\system32\cmd.exe, JAVACMD=C:\Program Files\Java\jdk1.8.0_144\bin\java.exe, MAVEN_PROJECTBASEDIR=C:\Users\aarch\Documents\MONGODB\mflix, PROCESSOR_REVISION=9e09, CLASSWORLDS_LAUNCHER=org.codehaus.plexus.classworlds.launcher.Launcher, TEMP=C:\Users\aarch\AppData\Local\Temp, HOMEDRIVE=C:, USERPROFILE=C:\Users\aarch, TMP=C:\Users\aarch\AppData\Local\Temp, NUMBER_OF_PROCESSORS=8, JVMCONFIG=\.mvn\jvm.config}}]
20:49:52.145 [main] DEBUG org.springframework.test.context.support.TestPropertySourceUtils - Adding inlined properties to environment: {spring.jmx.enabled=false, org.springframework.boot.test.context.SpringBootTestContextBootstrapper=true, server.port=-1}
20:49:52.145 [main] DEBUG org.springframework.core.env.StandardEnvironment - Adding PropertySource 'Inlined Test Properties' with highest search precedence

  .   ____          _            __ _ _
 /\\ / ___'_ __ _ _(_)_ __  __ _ \ \ \ \
( ( )\___ | '_ | '_| | '_ \/ _` | \ \ \ \
 \\/  ___)| |_)| | | | | || (_| |  ) ) ) )
  '  |____| .__|_| |_|_| |_\__, | / / / /
 =========|_|==============|___/=/_/_/_/
 :: Spring Boot ::        (v2.0.4.RELEASE)

2019-03-15 20:49:52.593  INFO 9676 --- [           main] mflix.api.daos.ConnectionTest            : Starting ConnectionTest on LAPTOP-0SJJP6G9 with PID 9676 (started by aarch in C:\Users\aarch\Documents\MONGODB\mflix)
2019-03-15 20:49:52.595  INFO 9676 --- [           main] mflix.api.daos.ConnectionTest            : No active profile set, falling back to default profiles: default
2019-03-15 20:49:52.623  INFO 9676 --- [           main] o.s.w.c.s.GenericWebApplicationContext   : Refreshing org.springframework.web.context.support.GenericWebApplicationContext@2cb4893b: startup date [Fri Mar 15 20:49:52 CET 2019]; root of context hierarchy
2019-03-15 20:49:54.550  INFO 9676 --- [           main] org.mongodb.driver.cluster               : Cluster created with settings {hosts=[mflix-shard-00-00-sdpxz.mongodb.net:27017, mflix-shard-00-01-sdpxz.mongodb.net:27017, mflix-shard-00-02-sdpxz.mongodb.net:27017], mode=MULTIPLE, requiredClusterType=REPLICA_SET, serverSelectionTimeout='30000 ms', maxWaitQueueSize=500, requiredReplicaSetName='mflix-shard-0'}
2019-03-15 20:49:54.550  INFO 9676 --- [           main] org.mongodb.driver.cluster               : Adding discovered server mflix-shard-00-00-sdpxz.mongodb.net:27017 to client view of cluster
2019-03-15 20:49:54.583  INFO 9676 --- [           main] org.mongodb.driver.cluster               : Adding discovered server mflix-shard-00-01-sdpxz.mongodb.net:27017 to client view of cluster
2019-03-15 20:49:54.584  INFO 9676 --- [           main] org.mongodb.driver.cluster               : Adding discovered server mflix-shard-00-02-sdpxz.mongodb.net:27017 to client view of cluster
2019-03-15 20:49:54.967  INFO 9676 --- [           main] o.s.w.s.handler.SimpleUrlHandlerMapping  : Mapped URL path [/**/favicon.ico] onto handler of type [class org.springframework.web.servlet.resource.ResourceHttpRequestHandler]
2019-03-15 20:49:55.241  INFO 9676 --- [           main] s.w.s.m.m.a.RequestMappingHandlerAdapter : Looking for @ControllerAdvice: org.springframework.web.context.support.GenericWebApplicationContext@2cb4893b: startup date [Fri Mar 15 20:49:52 CET 2019]; root of context hierarchy
2019-03-15 20:49:55.353  INFO 9676 --- [           main] s.w.s.m.m.a.RequestMappingHandlerMapping : Mapped "{[/error]}" onto public org.springframework.http.ResponseEntity<java.util.Map<java.lang.String, java.lang.Object>> org.springframework.boot.autoconfigure.web.servlet.error.BasicErrorController.error(javax.servlet.http.HttpServletRequest)
2019-03-15 20:49:55.355  INFO 9676 --- [           main] s.w.s.m.m.a.RequestMappingHandlerMapping : Mapped "{[/error],produces=[text/html]}" onto public org.springframework.web.servlet.ModelAndView org.springframework.boot.autoconfigure.web.servlet.error.BasicErrorController.errorHtml(javax.servlet.http.HttpServletRequest,javax.servlet.http.HttpServletResponse)
2019-03-15 20:49:55.402  INFO 9676 --- [           main] o.s.w.s.handler.SimpleUrlHandlerMapping  : Mapped URL path [/webjars/**] onto handler of type [class org.springframework.web.servlet.resource.ResourceHttpRequestHandler]
2019-03-15 20:49:55.402  INFO 9676 --- [           main] o.s.w.s.handler.SimpleUrlHandlerMapping  : Mapped URL path [/**] onto handler of type [class org.springframework.web.servlet.resource.ResourceHttpRequestHandler]
2019-03-15 20:49:55.485  INFO 9676 --- [           main] o.s.b.a.w.s.WelcomePageHandlerMapping    : Adding welcome page: class path resource [build/index.html]
2019-03-15 20:49:55.723  INFO 9676 --- [           main] .s.s.UserDetailsServiceAutoConfiguration : 

Using generated security password: 999b2410-4b86-40b1-a90e-6e2e31aab747

2019-03-15 20:49:55.913  INFO 9676 --- [           main] o.s.s.web.DefaultSecurityFilterChain     : Creating filter chain: org.springframework.security.web.util.matcher.AnyRequestMatcher@1, [org.springframework.security.web.context.request.async.WebAsyncManagerIntegrationFilter@6940f685, org.springframework.security.web.context.SecurityContextPersistenceFilter@6d5037a9, org.springframework.security.web.header.HeaderWriterFilter@2b917fb0, org.springframework.security.web.csrf.CsrfFilter@573284a5, org.springframework.security.web.authentication.logout.LogoutFilter@299270eb, org.springframework.security.web.authentication.UsernamePasswordAuthenticationFilter@8b91134, org.springframework.security.web.authentication.ui.DefaultLoginPageGeneratingFilter@108d55c4, org.springframework.security.web.authentication.www.BasicAuthenticationFilter@736048ed, org.springframework.security.web.savedrequest.RequestCacheAwareFilter@30669dac, org.springframework.security.web.servletapi.SecurityContextHolderAwareRequestFilter@280d9edc, org.springframework.security.web.authentication.AnonymousAuthenticationFilter@47b179d7, org.springframework.security.web.session.SessionManagementFilter@3c4262d1, org.springframework.security.web.access.ExceptionTranslationFilter@1de9d54, org.springframework.security.web.access.intercept.FilterSecurityInterceptor@7e1f584d]
2019-03-15 20:49:55.973  INFO 9676 --- [ngodb.net:27017] org.mongodb.driver.connection            : Opened connection [connectionId{localValue:3, serverValue:7584}] to mflix-shard-00-02-sdpxz.mongodb.net:27017
2019-03-15 20:49:55.974  INFO 9676 --- [ngodb.net:27017] org.mongodb.driver.connection            : Opened connection [connectionId{localValue:1, serverValue:7675}] to mflix-shard-00-01-sdpxz.mongodb.net:27017
2019-03-15 20:49:55.976  INFO 9676 --- [ngodb.net:27017] org.mongodb.driver.connection            : Opened connection [connectionId{localValue:2, serverValue:8007}] to mflix-shard-00-00-sdpxz.mongodb.net:27017
2019-03-15 20:49:56.034  INFO 9676 --- [           main] mflix.api.daos.ConnectionTest            : Started ConnectionTest in 3.878 seconds (JVM running for 4.73)
2019-03-15 20:49:56.101  INFO 9676 --- [ngodb.net:27017] org.mongodb.driver.cluster               : Monitor thread successfully connected to server with description ServerDescription{address=mflix-shard-00-02-sdpxz.mongodb.net:27017, type=REPLICA_SET_SECONDARY, state=CONNECTED, ok=true, version=ServerVersion{versionList=[4, 0, 6]}, minWireVersion=0, maxWireVersion=7, maxDocumentSize=16777216, logicalSessionTimeoutMinutes=30, roundTripTimeNanos=124848524, setName='mflix-shard-0', canonicalAddress=mflix-shard-00-02-sdpxz.mongodb.net:27017, hosts=[mflix-shard-00-00-sdpxz.mongodb.net:27017, mflix-shard-00-01-sdpxz.mongodb.net:27017, mflix-shard-00-02-sdpxz.mongodb.net:27017], passives=[], arbiters=[], primary='mflix-shard-00-00-sdpxz.mongodb.net:27017', tagSet=TagSet{[Tag{name='nodeType', value='ELECTABLE'}, Tag{name='region', value='US_EAST_1'}, Tag{name='provider', value='AWS'}]}, electionId=null, setVersion=1, lastWriteDate=Fri Mar 15 20:49:44 CET 2019, lastUpdateTimeNanos=194500652755993}
2019-03-15 20:49:56.102  INFO 9676 --- [ngodb.net:27017] org.mongodb.driver.cluster               : Monitor thread successfully connected to server with description ServerDescription{address=mflix-shard-00-01-sdpxz.mongodb.net:27017, type=REPLICA_SET_SECONDARY, state=CONNECTED, ok=true, version=ServerVersion{versionList=[4, 0, 6]}, minWireVersion=0, maxWireVersion=7, maxDocumentSize=16777216, logicalSessionTimeoutMinutes=30, roundTripTimeNanos=127038746, setName='mflix-shard-0', canonicalAddress=mflix-shard-00-01-sdpxz.mongodb.net:27017, hosts=[mflix-shard-00-00-sdpxz.mongodb.net:27017, mflix-shard-00-01-sdpxz.mongodb.net:27017, mflix-shard-00-02-sdpxz.mongodb.net:27017], passives=[], arbiters=[], primary='mflix-shard-00-00-sdpxz.mongodb.net:27017', tagSet=TagSet{[Tag{name='region', value='US_EAST_1'}, Tag{name='provider', value='AWS'}, Tag{name='nodeType', value='ELECTABLE'}]}, electionId=null, setVersion=1, lastWriteDate=Fri Mar 15 20:49:44 CET 2019, lastUpdateTimeNanos=194500654536689}
2019-03-15 20:49:56.102  INFO 9676 --- [ngodb.net:27017] org.mongodb.driver.cluster               : Monitor thread successfully connected to server with description ServerDescription{address=mflix-shard-00-00-sdpxz.mongodb.net:27017, type=REPLICA_SET_PRIMARY, state=CONNECTED, ok=true, version=ServerVersion{versionList=[4, 0, 6]}, minWireVersion=0, maxWireVersion=7, maxDocumentSize=16777216, logicalSessionTimeoutMinutes=30, roundTripTimeNanos=125066963, setName='mflix-shard-0', canonicalAddress=mflix-shard-00-00-sdpxz.mongodb.net:27017, hosts=[mflix-shard-00-00-sdpxz.mongodb.net:27017, mflix-shard-00-01-sdpxz.mongodb.net:27017, mflix-shard-00-02-sdpxz.mongodb.net:27017], passives=[], arbiters=[], primary='mflix-shard-00-00-sdpxz.mongodb.net:27017', tagSet=TagSet{[Tag{name='region', value='US_EAST_1'}, Tag{name='provider', value='AWS'}, Tag{name='nodeType', value='ELECTABLE'}]}, electionId=7fffffff0000000000000001, setVersion=1, lastWriteDate=Fri Mar 15 20:49:44 CET 2019, lastUpdateTimeNanos=194500654536689}
2019-03-15 20:49:56.105  INFO 9676 --- [ngodb.net:27017] org.mongodb.driver.cluster               : Setting max election id to 7fffffff0000000000000001 from replica set primary mflix-shard-00-00-sdpxz.mongodb.net:27017
2019-03-15 20:49:56.106  INFO 9676 --- [ngodb.net:27017] org.mongodb.driver.cluster               : Setting max set version to 1 from replica set primary mflix-shard-00-00-sdpxz.mongodb.net:27017
2019-03-15 20:49:56.106  INFO 9676 --- [ngodb.net:27017] org.mongodb.driver.cluster               : Discovered replica set primary mflix-shard-00-00-sdpxz.mongodb.net:27017
2019-03-15 20:49:56.938  INFO 9676 --- [           main] org.mongodb.driver.connection            : Opened connection [connectionId{localValue:4, serverValue:8007}] to mflix-shard-00-00-sdpxz.mongodb.net:27017
]]></system-out>
  </testcase>
  <testcase name="testConnectionFindsCollections" classname="mflix.api.daos.ConnectionTest" time="1.708">
    <error message="Command failed with error 8000 (AtlasError): &apos;user is not allowed to do action [listCollections] on [mflix.]&apos; on server mflix-shard-00-00-sdpxz.mongodb.net:27017. The full response is { &quot;ok&quot; : 0, &quot;errmsg&quot; : &quot;user is not allowed to do action [listCollections] on [mflix.]&quot;, &quot;code&quot; : 8000, &quot;codeName&quot; : &quot;AtlasError&quot; }" type="com.mongodb.MongoCommandException">com.mongodb.MongoCommandException: Command failed with error 8000 (AtlasError): 'user is not allowed to do action [listCollections] on [mflix.]' on server mflix-shard-00-00-sdpxz.mongodb.net:27017. The full response is { "ok" : 0, "errmsg" : "user is not allowed to do action [listCollections] on [mflix.]", "code" : 8000, "codeName" : "AtlasError" }
	at mflix.api.daos.ConnectionTest.testConnectionFindsCollections(ConnectionTest.java:72)
</error>
    <system-out><![CDATA[2019-03-15 20:49:57.138  INFO 9676 --- [           main] org.mongodb.driver.cluster               : Cluster created with settings {hosts=[mflix-shard-00-00-sdpxz.mongodb.net:27017, mflix-shard-00-01-sdpxz.mongodb.net:27017, mflix-shard-00-02-sdpxz.mongodb.net:27017], mode=MULTIPLE, requiredClusterType=REPLICA_SET, serverSelectionTimeout='30000 ms', maxWaitQueueSize=500, requiredReplicaSetName='mflix-shard-0'}
2019-03-15 20:49:57.138  INFO 9676 --- [           main] org.mongodb.driver.cluster               : Adding discovered server mflix-shard-00-00-sdpxz.mongodb.net:27017 to client view of cluster
2019-03-15 20:49:57.139  INFO 9676 --- [           main] org.mongodb.driver.cluster               : Adding discovered server mflix-shard-00-01-sdpxz.mongodb.net:27017 to client view of cluster
2019-03-15 20:49:57.139  INFO 9676 --- [           main] org.mongodb.driver.cluster               : Adding discovered server mflix-shard-00-02-sdpxz.mongodb.net:27017 to client view of cluster
2019-03-15 20:49:57.149  INFO 9676 --- [           main] org.mongodb.driver.cluster               : No server chosen by com.mongodb.client.internal.MongoClientDelegate$1@245ec1a6 from cluster description ClusterDescription{type=REPLICA_SET, connectionMode=MULTIPLE, serverDescriptions=[ServerDescription{address=mflix-shard-00-02-sdpxz.mongodb.net:27017, type=UNKNOWN, state=CONNECTING}, ServerDescription{address=mflix-shard-00-01-sdpxz.mongodb.net:27017, type=UNKNOWN, state=CONNECTING}, ServerDescription{address=mflix-shard-00-00-sdpxz.mongodb.net:27017, type=UNKNOWN, state=CONNECTING}]}. Waiting for 30000 ms before timing out
2019-03-15 20:49:57.823  INFO 9676 --- [ngodb.net:27017] org.mongodb.driver.connection            : Opened connection [connectionId{localValue:5, serverValue:8026}] to mflix-shard-00-00-sdpxz.mongodb.net:27017
2019-03-15 20:49:57.832  INFO 9676 --- [ngodb.net:27017] org.mongodb.driver.connection            : Opened connection [connectionId{localValue:7, serverValue:7584}] to mflix-shard-00-02-sdpxz.mongodb.net:27017
2019-03-15 20:49:57.891  INFO 9676 --- [ngodb.net:27017] org.mongodb.driver.connection            : Opened connection [connectionId{localValue:6, serverValue:7675}] to mflix-shard-00-01-sdpxz.mongodb.net:27017
2019-03-15 20:49:57.934  INFO 9676 --- [ngodb.net:27017] org.mongodb.driver.cluster               : Monitor thread successfully connected to server with description ServerDescription{address=mflix-shard-00-00-sdpxz.mongodb.net:27017, type=REPLICA_SET_PRIMARY, state=CONNECTED, ok=true, version=ServerVersion{versionList=[4, 0, 6]}, minWireVersion=0, maxWireVersion=7, maxDocumentSize=16777216, logicalSessionTimeoutMinutes=30, roundTripTimeNanos=110844738, setName='mflix-shard-0', canonicalAddress=mflix-shard-00-00-sdpxz.mongodb.net:27017, hosts=[mflix-shard-00-00-sdpxz.mongodb.net:27017, mflix-shard-00-01-sdpxz.mongodb.net:27017, mflix-shard-00-02-sdpxz.mongodb.net:27017], passives=[], arbiters=[], primary='mflix-shard-00-00-sdpxz.mongodb.net:27017', tagSet=TagSet{[Tag{name='region', value='US_EAST_1'}, Tag{name='provider', value='AWS'}, Tag{name='nodeType', value='ELECTABLE'}]}, electionId=7fffffff0000000000000001, setVersion=1, lastWriteDate=Fri Mar 15 20:49:55 CET 2019, lastUpdateTimeNanos=194502486902972}
2019-03-15 20:49:57.935  INFO 9676 --- [ngodb.net:27017] org.mongodb.driver.cluster               : Setting max election id to 7fffffff0000000000000001 from replica set primary mflix-shard-00-00-sdpxz.mongodb.net:27017
2019-03-15 20:49:57.936  INFO 9676 --- [ngodb.net:27017] org.mongodb.driver.cluster               : Setting max set version to 1 from replica set primary mflix-shard-00-00-sdpxz.mongodb.net:27017
2019-03-15 20:49:57.936  INFO 9676 --- [ngodb.net:27017] org.mongodb.driver.cluster               : Discovered replica set primary mflix-shard-00-00-sdpxz.mongodb.net:27017
2019-03-15 20:49:57.944  INFO 9676 --- [ngodb.net:27017] org.mongodb.driver.cluster               : Monitor thread successfully connected to server with description ServerDescription{address=mflix-shard-00-02-sdpxz.mongodb.net:27017, type=REPLICA_SET_SECONDARY, state=CONNECTED, ok=true, version=ServerVersion{versionList=[4, 0, 6]}, minWireVersion=0, maxWireVersion=7, maxDocumentSize=16777216, logicalSessionTimeoutMinutes=30, roundTripTimeNanos=110556282, setName='mflix-shard-0', canonicalAddress=mflix-shard-00-02-sdpxz.mongodb.net:27017, hosts=[mflix-shard-00-00-sdpxz.mongodb.net:27017, mflix-shard-00-01-sdpxz.mongodb.net:27017, mflix-shard-00-02-sdpxz.mongodb.net:27017], passives=[], arbiters=[], primary='mflix-shard-00-00-sdpxz.mongodb.net:27017', tagSet=TagSet{[Tag{name='nodeType', value='ELECTABLE'}, Tag{name='region', value='US_EAST_1'}, Tag{name='provider', value='AWS'}]}, electionId=null, setVersion=1, lastWriteDate=Fri Mar 15 20:49:55 CET 2019, lastUpdateTimeNanos=194502496155076}
2019-03-15 20:49:58.020  INFO 9676 --- [ngodb.net:27017] org.mongodb.driver.cluster               : Monitor thread successfully connected to server with description ServerDescription{address=mflix-shard-00-01-sdpxz.mongodb.net:27017, type=REPLICA_SET_SECONDARY, state=CONNECTED, ok=true, version=ServerVersion{versionList=[4, 0, 6]}, minWireVersion=0, maxWireVersion=7, maxDocumentSize=16777216, logicalSessionTimeoutMinutes=30, roundTripTimeNanos=129043351, setName='mflix-shard-0', canonicalAddress=mflix-shard-00-01-sdpxz.mongodb.net:27017, hosts=[mflix-shard-00-00-sdpxz.mongodb.net:27017, mflix-shard-00-01-sdpxz.mongodb.net:27017, mflix-shard-00-02-sdpxz.mongodb.net:27017], passives=[], arbiters=[], primary='mflix-shard-00-00-sdpxz.mongodb.net:27017', tagSet=TagSet{[Tag{name='region', value='US_EAST_1'}, Tag{name='provider', value='AWS'}, Tag{name='nodeType', value='ELECTABLE'}]}, electionId=null, setVersion=1, lastWriteDate=Fri Mar 15 20:49:55 CET 2019, lastUpdateTimeNanos=194502573243181}
2019-03-15 20:49:58.693  INFO 9676 --- [           main] org.mongodb.driver.connection            : Opened connection [connectionId{localValue:8, serverValue:8019}] to mflix-shard-00-00-sdpxz.mongodb.net:27017
]]></system-out>
  </testcase>
  <testcase name="testConnectionFindsDatabase" classname="mflix.api.daos.ConnectionTest" time="1.709">
    <error message="Command failed with error 8000 (AtlasError): &apos;user is not allowed to do action [listDatabases] on [admin.]&apos; on server mflix-shard-00-00-sdpxz.mongodb.net:27017. The full response is { &quot;ok&quot; : 0, &quot;errmsg&quot; : &quot;user is not allowed to do action [listDatabases] on [admin.]&quot;, &quot;code&quot; : 8000, &quot;codeName&quot; : &quot;AtlasError&quot; }" type="com.mongodb.MongoCommandException">com.mongodb.MongoCommandException: Command failed with error 8000 (AtlasError): 'user is not allowed to do action [listDatabases] on [admin.]' on server mflix-shard-00-00-sdpxz.mongodb.net:27017. The full response is { "ok" : 0, "errmsg" : "user is not allowed to do action [listDatabases] on [admin.]", "code" : 8000, "codeName" : "AtlasError" }
	at mflix.api.daos.ConnectionTest.testConnectionFindsDatabase(ConnectionTest.java:53)
</error>
    <system-out><![CDATA[2019-03-15 20:49:58.946  INFO 9676 --- [           main] org.mongodb.driver.cluster               : Cluster created with settings {hosts=[mflix-shard-00-00-sdpxz.mongodb.net:27017, mflix-shard-00-01-sdpxz.mongodb.net:27017, mflix-shard-00-02-sdpxz.mongodb.net:27017], mode=MULTIPLE, requiredClusterType=REPLICA_SET, serverSelectionTimeout='30000 ms', maxWaitQueueSize=500, requiredReplicaSetName='mflix-shard-0'}
2019-03-15 20:49:58.946  INFO 9676 --- [           main] org.mongodb.driver.cluster               : Adding discovered server mflix-shard-00-00-sdpxz.mongodb.net:27017 to client view of cluster
2019-03-15 20:49:58.947  INFO 9676 --- [           main] org.mongodb.driver.cluster               : Adding discovered server mflix-shard-00-01-sdpxz.mongodb.net:27017 to client view of cluster
2019-03-15 20:49:58.947  INFO 9676 --- [           main] org.mongodb.driver.cluster               : Adding discovered server mflix-shard-00-02-sdpxz.mongodb.net:27017 to client view of cluster
2019-03-15 20:49:58.951  INFO 9676 --- [           main] org.mongodb.driver.cluster               : No server chosen by com.mongodb.client.internal.MongoClientDelegate$1@3dd4a6fa from cluster description ClusterDescription{type=REPLICA_SET, connectionMode=MULTIPLE, serverDescriptions=[ServerDescription{address=mflix-shard-00-02-sdpxz.mongodb.net:27017, type=UNKNOWN, state=CONNECTING}, ServerDescription{address=mflix-shard-00-01-sdpxz.mongodb.net:27017, type=UNKNOWN, state=CONNECTING}, ServerDescription{address=mflix-shard-00-00-sdpxz.mongodb.net:27017, type=UNKNOWN, state=CONNECTING}]}. Waiting for 30000 ms before timing out
2019-03-15 20:49:59.653  INFO 9676 --- [ngodb.net:27017] org.mongodb.driver.connection            : Opened connection [connectionId{localValue:10, serverValue:7659}] to mflix-shard-00-01-sdpxz.mongodb.net:27017
2019-03-15 20:49:59.656  INFO 9676 --- [ngodb.net:27017] org.mongodb.driver.connection            : Opened connection [connectionId{localValue:9, serverValue:8019}] to mflix-shard-00-00-sdpxz.mongodb.net:27017
2019-03-15 20:49:59.663  INFO 9676 --- [ngodb.net:27017] org.mongodb.driver.connection            : Opened connection [connectionId{localValue:11, serverValue:7584}] to mflix-shard-00-02-sdpxz.mongodb.net:27017
2019-03-15 20:49:59.764  INFO 9676 --- [ngodb.net:27017] org.mongodb.driver.cluster               : Monitor thread successfully connected to server with description ServerDescription{address=mflix-shard-00-01-sdpxz.mongodb.net:27017, type=REPLICA_SET_SECONDARY, state=CONNECTED, ok=true, version=ServerVersion{versionList=[4, 0, 6]}, minWireVersion=0, maxWireVersion=7, maxDocumentSize=16777216, logicalSessionTimeoutMinutes=30, roundTripTimeNanos=110188328, setName='mflix-shard-0', canonicalAddress=mflix-shard-00-01-sdpxz.mongodb.net:27017, hosts=[mflix-shard-00-00-sdpxz.mongodb.net:27017, mflix-shard-00-01-sdpxz.mongodb.net:27017, mflix-shard-00-02-sdpxz.mongodb.net:27017], passives=[], arbiters=[], primary='mflix-shard-00-00-sdpxz.mongodb.net:27017', tagSet=TagSet{[Tag{name='region', value='US_EAST_1'}, Tag{name='provider', value='AWS'}, Tag{name='nodeType', value='ELECTABLE'}]}, electionId=null, setVersion=1, lastWriteDate=Fri Mar 15 20:49:55 CET 2019, lastUpdateTimeNanos=194504316664399}
2019-03-15 20:49:59.766  INFO 9676 --- [           main] org.mongodb.driver.cluster               : No server chosen by ReadPreferenceServerSelector{readPreference=primary} from cluster description ClusterDescription{type=REPLICA_SET, connectionMode=MULTIPLE, serverDescriptions=[ServerDescription{address=mflix-shard-00-02-sdpxz.mongodb.net:27017, type=UNKNOWN, state=CONNECTING}, ServerDescription{address=mflix-shard-00-01-sdpxz.mongodb.net:27017, type=REPLICA_SET_SECONDARY, state=CONNECTED, ok=true, version=ServerVersion{versionList=[4, 0, 6]}, minWireVersion=0, maxWireVersion=7, maxDocumentSize=16777216, logicalSessionTimeoutMinutes=30, roundTripTimeNanos=110188328, setName='mflix-shard-0', canonicalAddress=mflix-shard-00-01-sdpxz.mongodb.net:27017, hosts=[mflix-shard-00-00-sdpxz.mongodb.net:27017, mflix-shard-00-01-sdpxz.mongodb.net:27017, mflix-shard-00-02-sdpxz.mongodb.net:27017], passives=[], arbiters=[], primary='mflix-shard-00-00-sdpxz.mongodb.net:27017', tagSet=TagSet{[Tag{name='region', value='US_EAST_1'}, Tag{name='provider', value='AWS'}, Tag{name='nodeType', value='ELECTABLE'}]}, electionId=null, setVersion=1, lastWriteDate=Fri Mar 15 20:49:55 CET 2019, lastUpdateTimeNanos=194504316664399}, ServerDescription{address=mflix-shard-00-00-sdpxz.mongodb.net:27017, type=UNKNOWN, state=CONNECTING}]}. Waiting for 30000 ms before timing out
2019-03-15 20:49:59.772  INFO 9676 --- [ngodb.net:27017] org.mongodb.driver.cluster               : Monitor thread successfully connected to server with description ServerDescription{address=mflix-shard-00-00-sdpxz.mongodb.net:27017, type=REPLICA_SET_PRIMARY, state=CONNECTED, ok=true, version=ServerVersion{versionList=[4, 0, 6]}, minWireVersion=0, maxWireVersion=7, maxDocumentSize=16777216, logicalSessionTimeoutMinutes=30, roundTripTimeNanos=115189446, setName='mflix-shard-0', canonicalAddress=mflix-shard-00-00-sdpxz.mongodb.net:27017, hosts=[mflix-shard-00-00-sdpxz.mongodb.net:27017, mflix-shard-00-01-sdpxz.mongodb.net:27017, mflix-shard-00-02-sdpxz.mongodb.net:27017], passives=[], arbiters=[], primary='mflix-shard-00-00-sdpxz.mongodb.net:27017', tagSet=TagSet{[Tag{name='region', value='US_EAST_1'}, Tag{name='provider', value='AWS'}, Tag{name='nodeType', value='ELECTABLE'}]}, electionId=7fffffff0000000000000001, setVersion=1, lastWriteDate=Fri Mar 15 20:49:55 CET 2019, lastUpdateTimeNanos=194504324530748}
2019-03-15 20:49:59.772  INFO 9676 --- [ngodb.net:27017] org.mongodb.driver.cluster               : Setting max election id to 7fffffff0000000000000001 from replica set primary mflix-shard-00-00-sdpxz.mongodb.net:27017
2019-03-15 20:49:59.772  INFO 9676 --- [ngodb.net:27017] org.mongodb.driver.cluster               : Setting max set version to 1 from replica set primary mflix-shard-00-00-sdpxz.mongodb.net:27017
2019-03-15 20:49:59.773  INFO 9676 --- [ngodb.net:27017] org.mongodb.driver.cluster               : Discovered replica set primary mflix-shard-00-00-sdpxz.mongodb.net:27017
2019-03-15 20:49:59.776  INFO 9676 --- [ngodb.net:27017] org.mongodb.driver.cluster               : Monitor thread successfully connected to server with description ServerDescription{address=mflix-shard-00-02-sdpxz.mongodb.net:27017, type=REPLICA_SET_SECONDARY, state=CONNECTED, ok=true, version=ServerVersion{versionList=[4, 0, 6]}, minWireVersion=0, maxWireVersion=7, maxDocumentSize=16777216, logicalSessionTimeoutMinutes=30, roundTripTimeNanos=112317650, setName='mflix-shard-0', canonicalAddress=mflix-shard-00-02-sdpxz.mongodb.net:27017, hosts=[mflix-shard-00-00-sdpxz.mongodb.net:27017, mflix-shard-00-01-sdpxz.mongodb.net:27017, mflix-shard-00-02-sdpxz.mongodb.net:27017], passives=[], arbiters=[], primary='mflix-shard-00-00-sdpxz.mongodb.net:27017', tagSet=TagSet{[Tag{name='nodeType', value='ELECTABLE'}, Tag{name='region', value='US_EAST_1'}, Tag{name='provider', value='AWS'}]}, electionId=null, setVersion=1, lastWriteDate=Fri Mar 15 20:49:55 CET 2019, lastUpdateTimeNanos=194504328685461}
2019-03-15 20:50:00.419  INFO 9676 --- [           main] org.mongodb.driver.connection            : Opened connection [connectionId{localValue:12, serverValue:8007}] to mflix-shard-00-00-sdpxz.mongodb.net:27017
]]></system-out>
  </testcase>
</testsuite>